<?xml version="1.0" encoding="UTF-8"?>
<!-- Generated by org.testng.reporters.JUnitXMLReporter -->
<testsuite hostname="gopi-laptop" ignored="0" name="Default test" tests="2" failures="0" timestamp="26 Dec 2017 08:53:26 GMT" time="0.051" errors="0">
  <testcase name="@BeforeClass setup" time="0.0" classname="TestScripts.FirstTest">
    <failure type="org.testng.TestNGException" message="
Parameter &amp;apos;Sbrowser&amp;apos; is required by BeforeClass on method setup but has not been marked @Optional or defined
in C:\Users\gopi\AppData\Local\Temp\testng-eclipse-901519596\testng-customsuite.xml">
      <![CDATA[org.testng.TestNGException: Parameter 'Sbrowser' is required by BeforeClass on method setup but has not been marked @Optional or definedin C:\Users\gopi\AppData\Local\Temp\testng-eclipse-901519596\testng-customsuite.xmlat org.testng.internal.Parameters.createParams(Parameters.java:290)at org.testng.internal.Parameters.createParametersForMethod(Parameters.java:359)at org.testng.internal.Parameters.createParameters(Parameters.java:620)at org.testng.internal.Parameters.createConfigurationParameters(Parameters.java:190)at org.testng.internal.Invoker.invokeConfigurations(Invoker.java:209)at org.testng.internal.Invoker.invokeConfigurations(Invoker.java:142)at org.testng.internal.TestMethodWorker.invokeBeforeClassMethods(TestMethodWorker.java:163)at org.testng.internal.TestMethodWorker.run(TestMethodWorker.java:105)at org.testng.TestRunner.privateRun(TestRunner.java:648)at org.testng.TestRunner.run(TestRunner.java:505)at org.testng.SuiteRunner.runTest(SuiteRunner.java:455)at org.testng.SuiteRunner.runSequentially(SuiteRunner.java:450)at org.testng.SuiteRunner.privateRun(SuiteRunner.java:415)at org.testng.SuiteRunner.run(SuiteRunner.java:364)at org.testng.SuiteRunnerWorker.runSuite(SuiteRunnerWorker.java:52)at org.testng.SuiteRunnerWorker.run(SuiteRunnerWorker.java:84)at org.testng.TestNG.runSuitesSequentially(TestNG.java:1187)at org.testng.TestNG.runSuitesLocally(TestNG.java:1116)at org.testng.TestNG.runSuites(TestNG.java:1028)at org.testng.TestNG.run(TestNG.java:996)at org.testng.remote.AbstractRemoteTestNG.run(AbstractRemoteTestNG.java:114)at org.testng.remote.RemoteTestNG.initAndRun(RemoteTestNG.java:251)at org.testng.remote.RemoteTestNG.main(RemoteTestNG.java:77)]]>
    </failure>
  </testcase> <!-- @BeforeClass setup -->
  <testcase name="tc_1" time="0.0" classname="TestScripts.FirstTest">
    <skipped/>
  </testcase> <!-- tc_1 -->
  <testcase name="tc_2" time="0.0" classname="TestScripts.FirstTest">
    <skipped/>
  </testcase> <!-- tc_2 -->
</testsuite> <!-- Default test -->
